2025-04-25 09:54:29,552 - INFO - Bắt đầu thu thập dữ liệu cho Bộ Công an
2025-04-25 09:54:49,765 - INFO - Đang thu thập trang 1
2025-04-25 09:54:52,840 - INFO - Trang 1: Thu thập được 50 bản ghi
2025-04-25 09:54:57,973 - INFO - Đang thu thập trang 2
2025-04-25 09:55:00,967 - INFO - Trang 2: Thu thập được 50 bản ghi
2025-04-25 09:55:05,840 - INFO - Đang thu thập trang 3
2025-04-25 09:55:08,856 - INFO - Trang 3: Thu thập được 50 bản ghi
2025-04-25 09:55:13,784 - INFO - Đang thu thập trang 4
2025-04-25 09:55:16,750 - INFO - Trang 4: Thu thập được 50 bản ghi
2025-04-25 09:55:21,582 - INFO - Đang thu thập trang 5
2025-04-25 09:55:24,608 - INFO - Trang 5: Thu thập được 50 bản ghi
2025-04-25 09:55:29,437 - INFO - Đang thu thập trang 6
2025-04-25 09:55:32,439 - INFO - Trang 6: Thu thập được 50 bản ghi
2025-04-25 09:55:37,191 - INFO - Đang thu thập trang 7
2025-04-25 09:55:40,163 - INFO - Trang 7: Thu thập được 50 bản ghi
2025-04-25 09:55:44,865 - INFO - Đang thu thập trang 8
2025-04-25 09:55:46,270 - INFO - Trang 8: Thu thập được 24 bản ghi
2025-04-25 09:55:46,311 - INFO - Hoàn thành thu thập dữ liệu cho Bộ Công an
2025-04-25 09:55:46,311 - INFO - Tổng số trang: 8
2025-04-25 09:55:46,311 - INFO - Tổng số bản ghi thu thập được: 374
2025-04-25 09:55:48,451 - INFO - Đã lưu dữ liệu vào file data/Bộ_Công_an_data.json
